Loading db file '/home/raid7_2/userb12/b12193/ICD_LAB/final_project/Synthesis/fsa0m_a_generic_core_tt1p8v25c.db'
Information: Propagating switching activity (low effort zero delay simulation). (PWR-6)
Warning: Design has unannotated primary inputs. (PWR-414)
Warning: Design has unannotated sequential cell outputs. (PWR-415)
 
****************************************
Report : power
        -analysis_effort low
Design : mamba_core
Version: U-2022.12
Date   : Fri May 22 17:47:50 2026
****************************************


Library(s) Used:

    fsa0m_a_generic_core_tt1p8v25c (File: /home/raid7_2/userb12/b12193/ICD_LAB/final_project/Synthesis/fsa0m_a_generic_core_tt1p8v25c.db)


Operating Conditions: WCCOM   Library: fsa0m_a_generic_core_ss1p62v125c
Wire Load Model Mode: enclosed

Design        Wire Load Model            Library
------------------------------------------------
mamba_core             G200K             fsa0m_a_generic_core_tt1p8v25c
mamba_datapath_new_D_MODEL8_D_STATE8_DATA_WIDTH16_WGHT_WIDTH8_ADDR_WIDTH9
                       enG100K           fsa0m_a_generic_core_tt1p8v25c
mamba_weight_storage_D_MODEL8_D_STATE8_DATA_WIDTH16_WGHT_WIDTH8_Z_WIDTH9_BIAS_WIDTH12_ADDR_WIDTH9
                       enG30K            fsa0m_a_generic_core_tt1p8v25c
mamba_linear_in1_serial_OUT_DIM8_DATA_WIDTH16_WGHT_WIDTH8_Z_WIDTH9_BIAS_WIDTH12_1
                       enG10K            fsa0m_a_generic_core_tt1p8v25c
regfile_WIDTH16_SIZE8_3
                       enG5K             fsa0m_a_generic_core_tt1p8v25c
mamba_linear_in1_serial_OUT_DIM17_DATA_WIDTH16_WGHT_WIDTH8_Z_WIDTH9_BIAS_WIDTH12
                       enG10K            fsa0m_a_generic_core_tt1p8v25c
regfile_WIDTH16_SIZE1  enG5K             fsa0m_a_generic_core_tt1p8v25c
mamba_softplus_DATA_WIDTH16
                       enG5K             fsa0m_a_generic_core_tt1p8v25c
mamba_linear_serial_mac_IN_DIM8_OUT_DIM4_DATA_WIDTH16_WGHT_WIDTH8_Z_WIDTH9_BIAS_WIDTH12
                       enG30K            fsa0m_a_generic_core_tt1p8v25c
pipeline_elementwise_multiplier_DATA_WIDTH16
                       enG30K            fsa0m_a_generic_core_tt1p8v25c
pipeline_yt_mac_D_MODEL8_D_STATE8_DATA_WIDTH16
                       enG10K            fsa0m_a_generic_core_tt1p8v25c
elementwise_mul_A_WIDTH16_B_WIDTH16_OUT_WIDTH32_3
                       enG5K             fsa0m_a_generic_core_tt1p8v25c
elementwise_add_A_WIDTH16_B_WIDTH16_OUT_WIDTH16
                       enG5K             fsa0m_a_generic_core_tt1p8v25c
mamba_exp_DATA_WIDTH16 enG5K             fsa0m_a_generic_core_tt1p8v25c
mamba_linear_in1_serial_OUT_DIM8_DATA_WIDTH16_WGHT_WIDTH8_Z_WIDTH9_BIAS_WIDTH12_0
                       enG10K            fsa0m_a_generic_core_tt1p8v25c
regfile_WIDTH16_SIZE8_0
                       enG5K             fsa0m_a_generic_core_tt1p8v25c
regfile_WIDTH16_SIZE8_1
                       enG5K             fsa0m_a_generic_core_tt1p8v25c
regfile_WIDTH16_SIZE8_2
                       enG5K             fsa0m_a_generic_core_tt1p8v25c
elementwise_mul_A_WIDTH16_B_WIDTH16_OUT_WIDTH32_0
                       enG5K             fsa0m_a_generic_core_tt1p8v25c
elementwise_mul_A_WIDTH16_B_WIDTH16_OUT_WIDTH32_1
                       enG5K             fsa0m_a_generic_core_tt1p8v25c
elementwise_mul_A_WIDTH16_B_WIDTH16_OUT_WIDTH32_2
                       enG5K             fsa0m_a_generic_core_tt1p8v25c
mamba_core_DW01_inc_0_DW01_inc_7
                       enG5K             fsa0m_a_generic_core_tt1p8v25c
mamba_datapath_new_D_MODEL8_D_STATE8_DATA_WIDTH16_WGHT_WIDTH8_ADDR_WIDTH9_DW01_inc_0_DW01_inc_8
                       enG5K             fsa0m_a_generic_core_tt1p8v25c
pipeline_yt_mac_D_MODEL8_D_STATE8_DATA_WIDTH16_DW01_add_0_DW01_add_1
                       enG5K             fsa0m_a_generic_core_tt1p8v25c
mamba_exp_DATA_WIDTH16_DW_rash_0
                       enG5K             fsa0m_a_generic_core_tt1p8v25c
elementwise_add_A_WIDTH16_B_WIDTH16_OUT_WIDTH16_DW01_add_0_DW01_add_7
                       enG5K             fsa0m_a_generic_core_tt1p8v25c
mamba_linear_serial_mac_IN_DIM8_OUT_DIM4_DATA_WIDTH16_WGHT_WIDTH8_Z_WIDTH9_BIAS_WIDTH12_DW01_add_0_DW01_add_8
                       enG5K             fsa0m_a_generic_core_tt1p8v25c
mamba_linear_serial_mac_IN_DIM8_OUT_DIM4_DATA_WIDTH16_WGHT_WIDTH8_Z_WIDTH9_BIAS_WIDTH12_DW01_add_1_DW01_add_9
                       enG5K             fsa0m_a_generic_core_tt1p8v25c
mamba_linear_serial_mac_IN_DIM8_OUT_DIM4_DATA_WIDTH16_WGHT_WIDTH8_Z_WIDTH9_BIAS_WIDTH12_DW01_add_2_DW01_add_10
                       enG5K             fsa0m_a_generic_core_tt1p8v25c
mamba_linear_serial_mac_IN_DIM8_OUT_DIM4_DATA_WIDTH16_WGHT_WIDTH8_Z_WIDTH9_BIAS_WIDTH12_DW01_add_3_DW01_add_11
                       enG5K             fsa0m_a_generic_core_tt1p8v25c
mamba_linear_in1_serial_OUT_DIM8_DATA_WIDTH16_WGHT_WIDTH8_Z_WIDTH9_BIAS_WIDTH12_0_DW01_add_0_DW01_add_14
                       enG5K             fsa0m_a_generic_core_tt1p8v25c
mamba_linear_in1_serial_OUT_DIM8_DATA_WIDTH16_WGHT_WIDTH8_Z_WIDTH9_BIAS_WIDTH12_0_DW01_add_1_DW01_add_15
                       enG5K             fsa0m_a_generic_core_tt1p8v25c
mamba_linear_in1_serial_OUT_DIM17_DATA_WIDTH16_WGHT_WIDTH8_Z_WIDTH9_BIAS_WIDTH12_DW01_add_0_DW01_add_16
                       enG5K             fsa0m_a_generic_core_tt1p8v25c
mamba_linear_in1_serial_OUT_DIM17_DATA_WIDTH16_WGHT_WIDTH8_Z_WIDTH9_BIAS_WIDTH12_DW01_add_1_DW01_add_17
                       enG5K             fsa0m_a_generic_core_tt1p8v25c
mamba_linear_in1_serial_OUT_DIM8_DATA_WIDTH16_WGHT_WIDTH8_Z_WIDTH9_BIAS_WIDTH12_1_DW01_add_0_DW01_add_18
                       enG5K             fsa0m_a_generic_core_tt1p8v25c
mamba_linear_in1_serial_OUT_DIM8_DATA_WIDTH16_WGHT_WIDTH8_Z_WIDTH9_BIAS_WIDTH12_1_DW01_add_1_DW01_add_19
                       enG5K             fsa0m_a_generic_core_tt1p8v25c
elementwise_mul_A_WIDTH16_B_WIDTH16_OUT_WIDTH32_0_DW02_mult_0
                       enG5K             fsa0m_a_generic_core_tt1p8v25c
elementwise_mul_A_WIDTH16_B_WIDTH16_OUT_WIDTH32_0_DW01_add_0_DW01_add_20
                       enG5K             fsa0m_a_generic_core_tt1p8v25c
mamba_linear_serial_mac_IN_DIM8_OUT_DIM4_DATA_WIDTH16_WGHT_WIDTH8_Z_WIDTH9_BIAS_WIDTH12_DW02_mult_0_DW02_mult_1
                       enG5K             fsa0m_a_generic_core_tt1p8v25c
mamba_linear_serial_mac_IN_DIM8_OUT_DIM4_DATA_WIDTH16_WGHT_WIDTH8_Z_WIDTH9_BIAS_WIDTH12_DW02_mult_1_DW02_mult_2
                       enG5K             fsa0m_a_generic_core_tt1p8v25c
mamba_linear_serial_mac_IN_DIM8_OUT_DIM4_DATA_WIDTH16_WGHT_WIDTH8_Z_WIDTH9_BIAS_WIDTH12_DW02_mult_2_DW02_mult_3
                       enG5K             fsa0m_a_generic_core_tt1p8v25c
mamba_linear_serial_mac_IN_DIM8_OUT_DIM4_DATA_WIDTH16_WGHT_WIDTH8_Z_WIDTH9_BIAS_WIDTH12_DW01_add_5_DW01_add_21
                       enG5K             fsa0m_a_generic_core_tt1p8v25c
mamba_datapath_new_D_MODEL8_D_STATE8_DATA_WIDTH16_WGHT_WIDTH8_ADDR_WIDTH9_DW02_mult_0_DW02_mult_4
                       enG5K             fsa0m_a_generic_core_tt1p8v25c
mamba_datapath_new_D_MODEL8_D_STATE8_DATA_WIDTH16_WGHT_WIDTH8_ADDR_WIDTH9_DW01_add_1_DW01_add_22
                       enG5K             fsa0m_a_generic_core_tt1p8v25c
pipeline_yt_mac_D_MODEL8_D_STATE8_DATA_WIDTH16_DW02_mult_0_DW02_mult_5
                       enG5K             fsa0m_a_generic_core_tt1p8v25c
pipeline_yt_mac_D_MODEL8_D_STATE8_DATA_WIDTH16_DW01_add_1_DW01_add_23
                       enG5K             fsa0m_a_generic_core_tt1p8v25c
pipeline_yt_mac_D_MODEL8_D_STATE8_DATA_WIDTH16_DW02_mult_1_DW02_mult_6
                       enG5K             fsa0m_a_generic_core_tt1p8v25c
pipeline_yt_mac_D_MODEL8_D_STATE8_DATA_WIDTH16_DW01_add_2_DW01_add_24
                       enG5K             fsa0m_a_generic_core_tt1p8v25c
elementwise_mul_A_WIDTH16_B_WIDTH16_OUT_WIDTH32_2_DW02_mult_0_DW02_mult_7
                       enG5K             fsa0m_a_generic_core_tt1p8v25c
elementwise_mul_A_WIDTH16_B_WIDTH16_OUT_WIDTH32_2_DW01_add_0_DW01_add_25
                       enG5K             fsa0m_a_generic_core_tt1p8v25c
elementwise_mul_A_WIDTH16_B_WIDTH16_OUT_WIDTH32_3_DW02_mult_0_DW02_mult_8
                       enG5K             fsa0m_a_generic_core_tt1p8v25c
elementwise_mul_A_WIDTH16_B_WIDTH16_OUT_WIDTH32_3_DW01_add_0_DW01_add_26
                       enG5K             fsa0m_a_generic_core_tt1p8v25c
mamba_exp_DATA_WIDTH16_DW02_mult_0_DW02_mult_9
                       enG5K             fsa0m_a_generic_core_tt1p8v25c
mamba_linear_in1_serial_OUT_DIM8_DATA_WIDTH16_WGHT_WIDTH8_Z_WIDTH9_BIAS_WIDTH12_0_DW02_mult_0_DW02_mult_10
                       enG5K             fsa0m_a_generic_core_tt1p8v25c
mamba_linear_in1_serial_OUT_DIM8_DATA_WIDTH16_WGHT_WIDTH8_Z_WIDTH9_BIAS_WIDTH12_0_DW01_add_2_DW01_add_28
                       enG5K             fsa0m_a_generic_core_tt1p8v25c
mamba_linear_in1_serial_OUT_DIM8_DATA_WIDTH16_WGHT_WIDTH8_Z_WIDTH9_BIAS_WIDTH12_0_DW02_mult_1_DW02_mult_11
                       enG5K             fsa0m_a_generic_core_tt1p8v25c
mamba_linear_in1_serial_OUT_DIM8_DATA_WIDTH16_WGHT_WIDTH8_Z_WIDTH9_BIAS_WIDTH12_0_DW01_add_3_DW01_add_29
                       enG5K             fsa0m_a_generic_core_tt1p8v25c
mamba_linear_in1_serial_OUT_DIM17_DATA_WIDTH16_WGHT_WIDTH8_Z_WIDTH9_BIAS_WIDTH12_DW02_mult_0_DW02_mult_12
                       enG5K             fsa0m_a_generic_core_tt1p8v25c
mamba_linear_in1_serial_OUT_DIM17_DATA_WIDTH16_WGHT_WIDTH8_Z_WIDTH9_BIAS_WIDTH12_DW01_add_2_DW01_add_30
                       enG5K             fsa0m_a_generic_core_tt1p8v25c
mamba_linear_in1_serial_OUT_DIM17_DATA_WIDTH16_WGHT_WIDTH8_Z_WIDTH9_BIAS_WIDTH12_DW02_mult_1_DW02_mult_13
                       enG5K             fsa0m_a_generic_core_tt1p8v25c
mamba_linear_in1_serial_OUT_DIM17_DATA_WIDTH16_WGHT_WIDTH8_Z_WIDTH9_BIAS_WIDTH12_DW01_add_3_DW01_add_31
                       enG5K             fsa0m_a_generic_core_tt1p8v25c
mamba_linear_in1_serial_OUT_DIM8_DATA_WIDTH16_WGHT_WIDTH8_Z_WIDTH9_BIAS_WIDTH12_1_DW02_mult_0_DW02_mult_14
                       enG5K             fsa0m_a_generic_core_tt1p8v25c
mamba_linear_in1_serial_OUT_DIM8_DATA_WIDTH16_WGHT_WIDTH8_Z_WIDTH9_BIAS_WIDTH12_1_DW01_add_2_DW01_add_32
                       enG5K             fsa0m_a_generic_core_tt1p8v25c
mamba_linear_in1_serial_OUT_DIM8_DATA_WIDTH16_WGHT_WIDTH8_Z_WIDTH9_BIAS_WIDTH12_1_DW02_mult_1_DW02_mult_15
                       enG5K             fsa0m_a_generic_core_tt1p8v25c
mamba_linear_in1_serial_OUT_DIM8_DATA_WIDTH16_WGHT_WIDTH8_Z_WIDTH9_BIAS_WIDTH12_1_DW01_add_3_DW01_add_33
                       enG5K             fsa0m_a_generic_core_tt1p8v25c
mamba_linear_serial_mac_IN_DIM8_OUT_DIM4_DATA_WIDTH16_WGHT_WIDTH8_Z_WIDTH9_BIAS_WIDTH12_DW02_mult_3_DW02_mult_16
                       enG5K             fsa0m_a_generic_core_tt1p8v25c
mamba_linear_serial_mac_IN_DIM8_OUT_DIM4_DATA_WIDTH16_WGHT_WIDTH8_Z_WIDTH9_BIAS_WIDTH12_DW01_add_6_DW01_add_34
                       enG5K             fsa0m_a_generic_core_tt1p8v25c
elementwise_mul_A_WIDTH16_B_WIDTH16_OUT_WIDTH32_1_DW02_mult_0_DW02_mult_18
                       enG5K             fsa0m_a_generic_core_tt1p8v25c
elementwise_mul_A_WIDTH16_B_WIDTH16_OUT_WIDTH32_1_DW01_add_0_DW01_add_35
                       enG5K             fsa0m_a_generic_core_tt1p8v25c


Global Operating Voltage = 1.62 
Power-specific unit information :
    Voltage Units = 1V
    Capacitance Units = 1.000000pf
    Time Units = 1ns
    Dynamic Power Units = 1mW    (derived from V,C,T units)
    Leakage Power Units = 1pW


Attributes
----------
i - Including register clock pin internal power


  Cell Internal Power  =   2.4050 mW   (91%)
  Net Switching Power  = 225.7551 uW    (9%)
                         ---------
Total Dynamic Power    =   2.6308 mW  (100%)

Cell Leakage Power     =   2.9466 uW


                 Internal         Switching           Leakage            Total
Power Group      Power            Power               Power              Power   (   %    )  Attrs
--------------------------------------------------------------------------------------------------
io_pad             0.0000            0.0000            0.0000            0.0000  (   0.00%)
memory             0.0000            0.0000            0.0000            0.0000  (   0.00%)
black_box          0.0000            0.0000            0.0000            0.0000  (   0.00%)
clock_network      2.3537            0.0000            0.0000            2.3537  (  89.37%)  i
register       1.0022e-02        4.5122e-03        1.0561e+06        1.5587e-02  (   0.59%)
sequential         0.0000            0.0000            0.0000            0.0000  (   0.00%)
combinational  4.1366e-02            0.2212        1.8905e+06            0.2645  (  10.04%)
--------------------------------------------------------------------------------------------------
Total              2.4051 mW         0.2258 mW     2.9466e+06 pW         2.6338 mW
1
